<?xml version="1.0" encoding="UTF-8"?>
<!-- Generated by org.testng.reporters.JUnitReportReporter -->
<testsuite skipped="0" hostname="User-PC" name="com.prolian.test.runners.AbstractTestNGCucumberTestsCustom" tests="1" failures="0" timestamp="2020-05-14T14:52:27 BST" time="32.973" errors="0">
  <testcase name="TestrunScenario" time="32.973" classname="com.prolian.test.runners.AbstractTestNGCucumberTestsCustom"/>
  <system-out>
<div "result">The User is on the selfRidges Homepage (PASSED : 11s)</div> <div "result">User navigate to &quot;PDP&quot; of &quot;C&amp;C&quot; (PASSED : 5s)</div> <div "result">I add 1 Products with &quot;C&amp;C&quot; type (PASSED : 2s)</div> <div "result">User navigate to &quot;PDP&quot; of &quot;NoEdit&quot; (PASSED : 2s)</div> <div "result">I add 1 Products with &quot;NoEdit&quot; type (PASSED : 2s)</div> <div "result">User Click on Checkout Toast on PDP Page (PASSED : 3s)</div> <div "result">I click on Secure checkout button in Shooping Bag Page (PASSED : 1s)</div> <div "result">I click on Checkout Now Button in Sign-in Page (PASSED : 1s)</div> <div "result">I fill user details (PASSED : 0s)</div>  </system-out>
</testsuite> <!-- com.prolian.test.runners.AbstractTestNGCucumberTestsCustom -->
