<?xml version="1.0" encoding="UTF-8"?>
<!-- Generated by org.testng.reporters.JUnitReportReporter -->
<testsuite skipped="0" hostname="User-PC" name="com.prolian.test.runners.AbstractTestNGCucumberTestsCustom" tests="3" failures="0" timestamp="2020-05-07T19:52:08 BST" time="170.686" errors="0">
  <testcase name="TestrunScenario" time="62.505" classname="com.prolian.test.runners.AbstractTestNGCucumberTestsCustom"/>
  <system-out>
<div "result">The User is on the selfRidges Homepage (PASSED : 3s)</div> <div "result">User navigate to &quot;PDP&quot; of &quot;NoEdit&quot; (PASSED : 2s)</div> <div "result">I add 1 Products with &quot;NoEdit&quot; type (PASSED : 2s)</div> <div "result">User Click on Checkout Toast on PDP Page (PASSED : 3s)</div> <div "result">Edit link for the product &quot;should not&quot; be displayed (PASSED : 50s)</div> <div "result">the User selects to remove all products in the bag (PASSED : 0s)</div>  </system-out>
  <testcase name="TestrunScenario" time="28.383" classname="com.prolian.test.runners.AbstractTestNGCucumberTestsCustom"/>
  <system-out>
<div "result">The User is on the selfRidges Homepage (PASSED : 0s)</div> <div "result">User navigate to &quot;PDP&quot; of &quot;Image&amp;Edit&quot; (PASSED : 2s)</div> <div "result">I add 1 Products with &quot;Image&amp;Edit&quot; type (PASSED : 2s)</div> <div "result">User Click on Checkout Toast on PDP Page (PASSED : 3s)</div> <div "result">Edit link for the product &quot;should&quot; be displayed (PASSED : 20s)</div> <div "result">the User selects to remove all products in the bag (PASSED : 0s)</div>  </system-out>
  <testcase name="TestrunScenario" time="79.798" classname="com.prolian.test.runners.AbstractTestNGCucumberTestsCustom"/>
  <system-out>
<div "result">The User is on the selfRidges Homepage (PASSED : 11s)</div> <div "result">User navigate to &quot;Bag&quot; of &quot;&lt;product&gt;&quot; (PASSED : 4s)</div> <div "result">Content sections Delivery and Returns should not be visible (PASSED : 60s)</div> <div "result">I should see empty shoping bag (PASSED : 0s)</div> <div "result">User click on Continue shopping button (PASSED : 3s)</div> <div "result">User is navigated to HomePage in same Window (PASSED : 0s)</div>  </system-out>
</testsuite> <!-- com.prolian.test.runners.AbstractTestNGCucumberTestsCustom -->
